Removed Pin From Net: NetName=GND Pin=U1-1
Removed Pin From Net: NetName=GND Pin=U1-2
Removed Pin From Net: NetName=TRD3_P Pin=U1-3
Removed Pin From Net: NetName=TRD1_P Pin=U1-4
Removed Pin From Net: NetName=TRD3_N Pin=U1-5
Removed Pin From Net: NetName=TRD1_N Pin=U1-6
Removed Pin From Net: NetName=GND Pin=U1-7
Removed Pin From Net: NetName=GND Pin=U1-8
Removed Pin From Net: NetName=TRD2_N Pin=U1-9
Removed Pin From Net: NetName=TRD0_N Pin=U1-10
Removed Pin From Net: NetName=TRD2_P Pin=U1-11
Removed Pin From Net: NetName=TRD0_P Pin=U1-12
Removed Pin From Net: NetName=GND Pin=U1-13
Removed Pin From Net: NetName=GND Pin=U1-14
Removed Pin From Net: NetName=NetR1_1 Pin=U1-15
Removed Pin From Net: NetName=NetR2_1 Pin=U1-17
Removed Pin From Net: NetName=EEPROM_nWP Pin=U1-20
Removed Pin From Net: NetName=GND Pin=U1-22
Removed Pin From Net: NetName=GND Pin=U1-23
Removed Pin From Net: NetName=GPIO2 Pin=U1-25
Removed Pin From Net: NetName=GPIO1 Pin=U1-27
Removed Pin From Net: NetName=CS1 Pin=U1-29
Removed Pin From Net: NetName=CS0 Pin=U1-31
Removed Pin From Net: NetName=GND Pin=U1-32
Removed Pin From Net: NetName=GND Pin=U1-33
Removed Pin From Net: NetName=MOSI Pin=U1-37
Removed Pin From Net: NetName=MISO Pin=U1-39
Removed Pin From Net: NetName=SCLK Pin=U1-41
Removed Pin From Net: NetName=GND Pin=U1-42
Removed Pin From Net: NetName=GND Pin=U1-43
Removed Pin From Net: NetName=GPIO3 Pin=U1-45
Removed Pin From Net: NetName=GPIO4 Pin=U1-47
Removed Pin From Net: NetName=GPIO5 Pin=U1-49
Removed Pin From Net: NetName=GPIO6 Pin=U1-51
Removed Pin From Net: NetName=GND Pin=U1-52
Removed Pin From Net: NetName=GND Pin=U1-53
Removed Pin From Net: NetName=NetJ3_5 Pin=U1-57
Removed Pin From Net: NetName=GND Pin=U1-59
Removed Pin From Net: NetName=GND Pin=U1-60
Removed Pin From Net: NetName=NetJ3_2 Pin=U1-61
Removed Pin From Net: NetName=NetJ3_3 Pin=U1-62
Removed Pin From Net: NetName=NetJ3_7 Pin=U1-63
Removed Pin From Net: NetName=GND Pin=U1-65
Removed Pin From Net: NetName=GND Pin=U1-66
Removed Pin From Net: NetName=NetJ3_8 Pin=U1-67
Removed Pin From Net: NetName=NetJ3_1 Pin=U1-69
Removed Pin From Net: NetName=GND Pin=U1-71
Removed Pin From Net: NetName=GND Pin=U1-74
Removed Pin From Net: NetName=+5 Pin=U1-77
Removed Pin From Net: NetName=+5 Pin=U1-79
Removed Pin From Net: NetName=+5 Pin=U1-81
Removed Pin From Net: NetName=+5 Pin=U1-83
Removed Pin From Net: NetName=+5 Pin=U1-85
Removed Pin From Net: NetName=+5 Pin=U1-87
Removed Pin From Net: NetName=NetR10_1 Pin=U1-89
Removed Pin From Net: NetName=NetR11_1 Pin=U1-91
Removed Pin From Net: NetName=Modem Reset Pin=U1-92
Removed Pin From Net: NetName=NetR12_1 Pin=U1-93
Removed Pin From Net: NetName=GND Pin=U1-98
Removed Pin From Net: NetName=Modem Reset Pin=U1-100
Removed Member From Class: ClassName=GPIOs RPI CM Member=U1
Added Component: Designator=U?(Raspberry-Pi-Compute-Module)
Added Component: Designator=U?(Raspberry-Pi-Compute-Module)
Added Pin To Net: NetName=GND Pin=U?-1
Added Pin To Net: NetName=GND Pin=U?-2
Added Pin To Net: NetName=TRD3_P Pin=U?-3
Added Pin To Net: NetName=TRD1_P Pin=U?-4
Added Pin To Net: NetName=TRD3_N Pin=U?-5
Added Pin To Net: NetName=TRD1_N Pin=U?-6
Added Pin To Net: NetName=GND Pin=U?-7
Added Pin To Net: NetName=GND Pin=U?-8
Added Pin To Net: NetName=TRD2_N Pin=U?-9
Added Pin To Net: NetName=TRD0_N Pin=U?-10
Added Pin To Net: NetName=TRD2_P Pin=U?-11
Added Pin To Net: NetName=TRD0_P Pin=U?-12
Added Pin To Net: NetName=GND Pin=U?-13
Added Pin To Net: NetName=GND Pin=U?-14
Added Pin To Net: NetName=NetR1_1 Pin=U?-15
Added Pin To Net: NetName=NetR2_1 Pin=U?-17
Added Pin To Net: NetName=EEPROM_nWP Pin=U?-20
Added Pin To Net: NetName=GND Pin=U?-22
Added Pin To Net: NetName=GND Pin=U?-23
Added Pin To Net: NetName=GPIO2 Pin=U?-25
Added Pin To Net: NetName=GPIO1 Pin=U?-27
Added Pin To Net: NetName=CS1 Pin=U?-29
Added Pin To Net: NetName=CS0 Pin=U?-31
Added Pin To Net: NetName=GND Pin=U?-32
Added Pin To Net: NetName=GND Pin=U?-33
Added Pin To Net: NetName=MOSI Pin=U?-37
Added Pin To Net: NetName=MISO Pin=U?-39
Added Pin To Net: NetName=SCLK Pin=U?-41
Added Pin To Net: NetName=GND Pin=U?-42
Added Pin To Net: NetName=GND Pin=U?-43
Added Pin To Net: NetName=GPIO3 Pin=U?-45
Added Pin To Net: NetName=GPIO4 Pin=U?-47
Added Pin To Net: NetName=GPIO5 Pin=U?-49
Added Pin To Net: NetName=GPIO6 Pin=U?-51
Added Pin To Net: NetName=GND Pin=U?-52
Added Pin To Net: NetName=GND Pin=U?-53
Added Pin To Net: NetName=NetJ3_5 Pin=U?-57
Added Pin To Net: NetName=GND Pin=U?-59
Added Pin To Net: NetName=GND Pin=U?-60
Added Pin To Net: NetName=NetJ3_2 Pin=U?-61
Added Pin To Net: NetName=NetJ3_3 Pin=U?-62
Added Pin To Net: NetName=NetJ3_7 Pin=U?-63
Added Pin To Net: NetName=GND Pin=U?-65
Added Pin To Net: NetName=GND Pin=U?-66
Added Pin To Net: NetName=NetJ3_8 Pin=U?-67
Added Pin To Net: NetName=NetJ3_1 Pin=U?-69
Added Pin To Net: NetName=GND Pin=U?-71
Added Pin To Net: NetName=GND Pin=U?-74
Added Pin To Net: NetName=+5 Pin=U?-77
Added Pin To Net: NetName=+5 Pin=U?-79
Added Pin To Net: NetName=+5 Pin=U?-81
Added Pin To Net: NetName=+5 Pin=U?-83
Added Pin To Net: NetName=+5 Pin=U?-85
Added Pin To Net: NetName=+5 Pin=U?-87
Added Pin To Net: NetName=NetR10_1 Pin=U?-89
Added Pin To Net: NetName=NetR11_1 Pin=U?-91
Added Pin To Net: NetName=Modem Reset Pin=U?-92
Added Pin To Net: NetName=NetR12_1 Pin=U?-93
Added Pin To Net: NetName=GND Pin=U?-98
Added Pin To Net: NetName=Modem Reset Pin=U?-100
Added Pin To Net: NetName=GND Pin=U?-107
Added Pin To Net: NetName=GND Pin=U?-108
Added Pin To Net: NetName=NetU7_3 Pin=U?-111
Added Pin To Net: NetName=GND Pin=U?-113
Added Pin To Net: NetName=GND Pin=U?-114
Added Pin To Net: NetName=GND Pin=U?-119
Added Pin To Net: NetName=GND Pin=U?-120
Added Pin To Net: NetName=GND Pin=U?-125
Added Pin To Net: NetName=GND Pin=U?-126
Added Pin To Net: NetName=1-Rx_N Pin=U?-128
Added Pin To Net: NetName=1-Rx_P Pin=U?-130
Added Pin To Net: NetName=GND Pin=U?-131
Added Pin To Net: NetName=GND Pin=U?-132
Added Pin To Net: NetName=1-D_P Pin=U?-134
Added Pin To Net: NetName=1-D_N Pin=U?-136
Added Pin To Net: NetName=GND Pin=U?-137
Added Pin To Net: NetName=GND Pin=U?-138
Added Pin To Net: NetName=1-Tx_N Pin=U?-140
Added Pin To Net: NetName=1-Tx_P Pin=U?-142
Added Pin To Net: NetName=GND Pin=U?-144
Added Pin To Net: NetName=GND Pin=U?-150
Added Pin To Net: NetName=NetJ5_13 Pin=U?-151
Added Pin To Net: NetName=NetJ5_19 Pin=U?-153
Added Pin To Net: NetName=GND Pin=U?-155
Added Pin To Net: NetName=GND Pin=U?-156
Added Pin To Net: NetName=GND Pin=U?-161
Added Pin To Net: NetName=GND Pin=U?-162
Added Pin To Net: NetName=GND Pin=U?-167
Added Pin To Net: NetName=GND Pin=U?-168
Added Pin To Net: NetName=D2_P Pin=U?-170
Added Pin To Net: NetName=D2_N Pin=U?-172
Added Pin To Net: NetName=GND Pin=U?-173
Added Pin To Net: NetName=GND Pin=U?-174
Added Pin To Net: NetName=D1_P Pin=U?-176
Added Pin To Net: NetName=D1_N Pin=U?-178
Added Pin To Net: NetName=GND Pin=U?-179
Added Pin To Net: NetName=GND Pin=U?-180
Added Pin To Net: NetName=D0_P Pin=U?-182
Added Pin To Net: NetName=D0_N Pin=U?-184
Added Pin To Net: NetName=GND Pin=U?-185
Added Pin To Net: NetName=GND Pin=U?-186
Added Pin To Net: NetName=CK_P Pin=U?-188
Added Pin To Net: NetName=CK_N Pin=U?-190
Added Pin To Net: NetName=GND Pin=U?-191
Added Pin To Net: NetName=GND Pin=U?-192
Added Pin To Net: NetName=GND Pin=U?-197
Added Pin To Net: NetName=GND Pin=U?-198
Added Pin To Net: NetName=NetJ5_16 Pin=U?-199
Added Pin To Net: NetName=NetJ5_15 Pin=U?-200
Added Pin To Net: NetName=NetU4_4 Pin=U4-4
Added Pin To Net: NetName=NetU4_4 Pin=U?-75
Added Net: Name=NetU4_4
Added Pin To Net: NetName=NetU6_2 Pin=U6-2
Added Pin To Net: NetName=NetU6_2 Pin=U?-95
Added Net: Name=NetU6_2
Added Pin To Net: NetName=NetU8_5 Pin=U8-5
Added Pin To Net: NetName=NetU8_5 Pin=U?-82
Added Net: Name=NetU8_5
Added Pin To Net: NetName=NetU8_6 Pin=U8-6
Added Pin To Net: NetName=NetU8_6 Pin=U?-80
Added Net: Name=NetU8_6
Added Pin To Net: NetName=NetU9_4 Pin=U9-4
Added Pin To Net: NetName=NetU9_4 Pin=U11-2
Added Pin To Net: NetName=NetU9_4 Pin=U?-99
Added Net: Name=NetU9_4
Added Member To Class: ClassName=GPIOs RPI CM Member=Component U? ComputeModuleBase_1
Added Member To Class: ClassName=High Speed RPI CM Member=Component U? ComputeModuleBase_1
