Removed Pin From Net: NetName=GND Pin=U?-1
Removed Pin From Net: NetName=GND Pin=U?-2
Removed Pin From Net: NetName=TRD3_P Pin=U?-3
Removed Pin From Net: NetName=TRD1_P Pin=U?-4
Removed Pin From Net: NetName=TRD3_N Pin=U?-5
Removed Pin From Net: NetName=TRD1_N Pin=U?-6
Removed Pin From Net: NetName=GND Pin=U?-7
Removed Pin From Net: NetName=GND Pin=U?-8
Removed Pin From Net: NetName=TRD2_N Pin=U?-9
Removed Pin From Net: NetName=TRD0_N Pin=U?-10
Removed Pin From Net: NetName=TRD2_P Pin=U?-11
Removed Pin From Net: NetName=TRD0_P Pin=U?-12
Removed Pin From Net: NetName=GND Pin=U?-13
Removed Pin From Net: NetName=GND Pin=U?-14
Removed Pin From Net: NetName=NetR1_1 Pin=U?-15
Removed Pin From Net: NetName=NetR2_1 Pin=U?-17
Removed Pin From Net: NetName=EEPROM_nWP Pin=U?-20
Removed Pin From Net: NetName=GND Pin=U?-22
Removed Pin From Net: NetName=GND Pin=U?-23
Removed Pin From Net: NetName=GPIO2 Pin=U?-25
Removed Pin From Net: NetName=GPIO1 Pin=U?-27
Removed Pin From Net: NetName=CS1 Pin=U?-29
Removed Pin From Net: NetName=CS0 Pin=U?-31
Removed Pin From Net: NetName=GND Pin=U?-32
Removed Pin From Net: NetName=GND Pin=U?-33
Removed Pin From Net: NetName=MOSI Pin=U?-37
Removed Pin From Net: NetName=MISO Pin=U?-39
Removed Pin From Net: NetName=SCLK Pin=U?-41
Removed Pin From Net: NetName=GND Pin=U?-42
Removed Pin From Net: NetName=GND Pin=U?-43
Removed Pin From Net: NetName=GPIO3 Pin=U?-45
Removed Pin From Net: NetName=GPIO4 Pin=U?-47
Removed Pin From Net: NetName=GPIO5 Pin=U?-49
Removed Pin From Net: NetName=GPIO6 Pin=U?-51
Removed Pin From Net: NetName=GND Pin=U?-52
Removed Pin From Net: NetName=GND Pin=U?-53
Removed Pin From Net: NetName=NetJ3_5 Pin=U?-57
Removed Pin From Net: NetName=GND Pin=U?-59
Removed Pin From Net: NetName=GND Pin=U?-60
Removed Pin From Net: NetName=NetJ3_2 Pin=U?-61
Removed Pin From Net: NetName=NetJ3_3 Pin=U?-62
Removed Pin From Net: NetName=NetJ3_7 Pin=U?-63
Removed Pin From Net: NetName=GND Pin=U?-65
Removed Pin From Net: NetName=GND Pin=U?-66
Removed Pin From Net: NetName=NetJ3_8 Pin=U?-67
Removed Pin From Net: NetName=NetJ3_1 Pin=U?-69
Removed Pin From Net: NetName=GND Pin=U?-71
Removed Pin From Net: NetName=GND Pin=U?-74
Removed Pin From Net: NetName=+5 Pin=U?-77
Removed Pin From Net: NetName=+5 Pin=U?-79
Removed Pin From Net: NetName=+5 Pin=U?-81
Removed Pin From Net: NetName=+5 Pin=U?-83
Removed Pin From Net: NetName=+5 Pin=U?-85
Removed Pin From Net: NetName=+5 Pin=U?-87
Removed Pin From Net: NetName=NetR10_1 Pin=U?-89
Removed Pin From Net: NetName=NetR11_1 Pin=U?-91
Removed Pin From Net: NetName=Modem Reset Pin=U?-92
Removed Pin From Net: NetName=NetR12_1 Pin=U?-93
Removed Pin From Net: NetName=GND Pin=U?-98
Removed Pin From Net: NetName=Modem Reset Pin=U?-100
Removed Member From Class: ClassName=GPIOs RPI CM Member=U?
Change Component Designator: OldDesignator=U? NewDesignator=U1
Added Pin To Net: NetName=GND Pin=U1-1
Added Pin To Net: NetName=GND Pin=U1-2
Added Pin To Net: NetName=TRD3_P Pin=U1-3
Added Pin To Net: NetName=TRD1_P Pin=U1-4
Added Pin To Net: NetName=TRD3_N Pin=U1-5
Added Pin To Net: NetName=TRD1_N Pin=U1-6
Added Pin To Net: NetName=GND Pin=U1-7
Added Pin To Net: NetName=GND Pin=U1-8
Added Pin To Net: NetName=TRD2_N Pin=U1-9
Added Pin To Net: NetName=TRD0_N Pin=U1-10
Added Pin To Net: NetName=TRD2_P Pin=U1-11
Added Pin To Net: NetName=TRD0_P Pin=U1-12
Added Pin To Net: NetName=GND Pin=U1-13
Added Pin To Net: NetName=GND Pin=U1-14
Added Pin To Net: NetName=NetR1_1 Pin=U1-15
Added Pin To Net: NetName=NetR2_1 Pin=U1-17
Added Pin To Net: NetName=EEPROM_nWP Pin=U1-20
Added Pin To Net: NetName=GND Pin=U1-22
Added Pin To Net: NetName=GND Pin=U1-23
Added Pin To Net: NetName=GPIO2 Pin=U1-25
Added Pin To Net: NetName=GPIO1 Pin=U1-27
Added Pin To Net: NetName=CS1 Pin=U1-29
Added Pin To Net: NetName=CS0 Pin=U1-31
Added Pin To Net: NetName=GND Pin=U1-32
Added Pin To Net: NetName=GND Pin=U1-33
Added Pin To Net: NetName=MOSI Pin=U1-37
Added Pin To Net: NetName=MISO Pin=U1-39
Added Pin To Net: NetName=SCLK Pin=U1-41
Added Pin To Net: NetName=GND Pin=U1-42
Added Pin To Net: NetName=GND Pin=U1-43
Added Pin To Net: NetName=GPIO3 Pin=U1-45
Added Pin To Net: NetName=GPIO4 Pin=U1-47
Added Pin To Net: NetName=GPIO5 Pin=U1-49
Added Pin To Net: NetName=GPIO6 Pin=U1-51
Added Pin To Net: NetName=GND Pin=U1-52
Added Pin To Net: NetName=GND Pin=U1-53
Added Pin To Net: NetName=NetJ3_5 Pin=U1-57
Added Pin To Net: NetName=GND Pin=U1-59
Added Pin To Net: NetName=GND Pin=U1-60
Added Pin To Net: NetName=NetJ3_2 Pin=U1-61
Added Pin To Net: NetName=NetJ3_3 Pin=U1-62
Added Pin To Net: NetName=NetJ3_7 Pin=U1-63
Added Pin To Net: NetName=GND Pin=U1-65
Added Pin To Net: NetName=GND Pin=U1-66
Added Pin To Net: NetName=NetJ3_8 Pin=U1-67
Added Pin To Net: NetName=NetJ3_1 Pin=U1-69
Added Pin To Net: NetName=GND Pin=U1-71
Added Pin To Net: NetName=GND Pin=U1-74
Added Pin To Net: NetName=+5 Pin=U1-77
Added Pin To Net: NetName=+5 Pin=U1-79
Added Pin To Net: NetName=+5 Pin=U1-81
Added Pin To Net: NetName=+5 Pin=U1-83
Added Pin To Net: NetName=+5 Pin=U1-85
Added Pin To Net: NetName=+5 Pin=U1-87
Added Pin To Net: NetName=NetR10_1 Pin=U1-89
Added Pin To Net: NetName=NetR11_1 Pin=U1-91
Added Pin To Net: NetName=Modem Reset Pin=U1-92
Added Pin To Net: NetName=NetR12_1 Pin=U1-93
Added Pin To Net: NetName=GND Pin=U1-98
Added Pin To Net: NetName=Modem Reset Pin=U1-100
Change Net Name : Old Net Name=NetU7_3 New Net Name=NetU1_111
Added Pin To Net: NetName=NetU1_75 Pin=U1-75
Added Pin To Net: NetName=NetU1_75 Pin=U4-4
Added Net: Name=NetU1_75
Added Pin To Net: NetName=NetU1_80 Pin=U1-80
Added Pin To Net: NetName=NetU1_80 Pin=U8-6
Added Net: Name=NetU1_80
Added Pin To Net: NetName=NetU1_82 Pin=U1-82
Added Pin To Net: NetName=NetU1_82 Pin=U8-5
Added Net: Name=NetU1_82
Added Pin To Net: NetName=NetU1_95 Pin=U1-95
Added Pin To Net: NetName=NetU1_95 Pin=U6-2
Added Net: Name=NetU1_95
Added Pin To Net: NetName=NetU1_99 Pin=U1-99
Added Pin To Net: NetName=NetU1_99 Pin=U9-4
Added Pin To Net: NetName=NetU1_99 Pin=U11-2
Added Net: Name=NetU1_99
Added Member To Class: ClassName=GPIOs RPI CM Member=Component U1 ComputeModuleBase_1
